<?xml version="1.0" encoding="UTF-8"?>
<testng-results ignored="0" total="1" passed="1" failed="0" skipped="0">
  <reporter-output>
    <line>
      <![CDATA[TestCase is passed]]>
    </line>
  </reporter-output>
  <suite started-at="2025-02-11T21:05:14 IST" name="Default suite" finished-at="2025-02-11T21:05:30 IST" duration-ms="15420">
    <groups>
    </groups>
    <test started-at="2025-02-11T21:05:14 IST" name="Default test" finished-at="2025-02-11T21:05:30 IST" duration-ms="15420">
      <class name="project_ecommerce.amazon.T15_CartPage_without_LoginTest">
        <test-method signature="testcase()[pri:0, instance:project_ecommerce.amazon.T15_CartPage_without_LoginTest@53fe15ff]" started-at="2025-02-11T21:05:14 IST" name="testcase" finished-at="2025-02-11T21:05:29 IST" duration-ms="15112" status="PASS">
          <reporter-output>
            <line>
              <![CDATA[TestCase is passed]]>
            </line>
          </reporter-output>
        </test-method> <!-- testcase -->
      </class> <!-- project_ecommerce.amazon.T15_CartPage_without_LoginTest -->
    </test> <!-- Default test -->
  </suite> <!-- Default suite -->
</testng-results>
