<?xml version="1.0" encoding="UTF-8"?>
<testng-results ignored="0" total="2" passed="2" failed="0" skipped="0">
  <reporter-output>
  </reporter-output>
  <suite started-at="2025-02-12T23:18:20 IST" name="Suite" finished-at="2025-02-12T23:18:38 IST" duration-ms="18043">
    <groups>
    </groups>
    <test started-at="2025-02-12T23:18:20 IST" name="Test in chrome" finished-at="2025-02-12T23:18:37 IST" duration-ms="16200">
      <class name="project_ecommerce.amazon.T5_ProductsearchTest">
        <test-method is-config="true" signature="amazon_link(java.lang.String)[pri:0, instance:project_ecommerce.amazon.T5_ProductsearchTest@4b741d6d]" started-at="2025-02-12T23:18:20 IST" name="amazon_link" finished-at="2025-02-12T23:18:26 IST" duration-ms="6058" status="PASS">
          <params>
            <param index="0">
              <value>
                <![CDATA[chrome]]>
              </value>
            </param>
          </params>
          <reporter-output>
          </reporter-output>
        </test-method> <!-- amazon_link -->
        <test-method signature="testcase()[pri:0, instance:project_ecommerce.amazon.T5_ProductsearchTest@4b741d6d]" started-at="2025-02-12T23:18:26 IST" name="testcase" finished-at="2025-02-12T23:18:36 IST" duration-ms="9418" status="PASS">
          <reporter-output>
          </reporter-output>
        </test-method> <!-- testcase -->
        <test-method is-config="true" signature="logout()[pri:0, instance:project_ecommerce.amazon.T5_ProductsearchTest@4b741d6d]" started-at="2025-02-12T23:18:36 IST" name="logout" finished-at="2025-02-12T23:18:37 IST" duration-ms="673" status="PASS">
          <reporter-output>
          </reporter-output>
        </test-method> <!-- logout -->
      </class> <!-- project_ecommerce.amazon.T5_ProductsearchTest -->
    </test> <!-- Test in chrome -->
    <test started-at="2025-02-12T23:18:20 IST" name="Test in edge" finished-at="2025-02-12T23:18:38 IST" duration-ms="18043">
      <class name="project_ecommerce.amazon.T5_ProductsearchTest">
        <test-method is-config="true" signature="amazon_link(java.lang.String)[pri:0, instance:project_ecommerce.amazon.T5_ProductsearchTest@6be968ce]" started-at="2025-02-12T23:18:20 IST" name="amazon_link" finished-at="2025-02-12T23:18:27 IST" duration-ms="6155" status="PASS">
          <params>
            <param index="0">
              <value>
                <![CDATA[edge]]>
              </value>
            </param>
          </params>
          <reporter-output>
          </reporter-output>
        </test-method> <!-- amazon_link -->
        <test-method signature="testcase()[pri:0, instance:project_ecommerce.amazon.T5_ProductsearchTest@6be968ce]" started-at="2025-02-12T23:18:27 IST" name="testcase" finished-at="2025-02-12T23:18:37 IST" duration-ms="10355" status="PASS">
          <reporter-output>
          </reporter-output>
        </test-method> <!-- testcase -->
        <test-method is-config="true" signature="logout()[pri:0, instance:project_ecommerce.amazon.T5_ProductsearchTest@6be968ce]" started-at="2025-02-12T23:18:37 IST" name="logout" finished-at="2025-02-12T23:18:38 IST" duration-ms="1488" status="PASS">
          <reporter-output>
          </reporter-output>
        </test-method> <!-- logout -->
      </class> <!-- project_ecommerce.amazon.T5_ProductsearchTest -->
    </test> <!-- Test in edge -->
  </suite> <!-- Suite -->
</testng-results>
